
> web@1.0.0 build
> tsc -b && vite build

[36mvite v5.4.21 [32mbuilding for production...[36m[39m
transforming...
[32m✓[39m 1279 modules transformed.
rendering chunks...
computing gzip size...
[2mdist/[22m[32mregisterSW.js              [39m[1m[2m  0.16 kB[22m[1m[22m
[2mdist/[22m[32mmanifest.webmanifest       [39m[1m[2m  0.18 kB[22m[1m[22m
[2mdist/[22m[32mindex.html                 [39m[1m[2m  0.97 kB[22m[1m[22m[2m │ gzip:   0.53 kB[22m
[2mdist/[22m[35massets/index-BOdkWxv9.css  [39m[1m[2m 22.23 kB[22m[1m[22m[2m │ gzip:   5.61 kB[22m
[2mdist/[22m[36massets/index-BMsK4Sc1.js   [39m[1m[33m895.40 kB[39m[22m[2m │ gzip: 256.53 kB[22m
[33m
(!) Some chunks are larger than 500 kB after minification. Consider:
- Using dynamic import() to code-split the application
- Use build.rollupOptions.output.manualChunks to improve chunking: https://rollupjs.org/configuration-options/#output-manualchunks
- Adjust chunk size limit for this warning via build.chunkSizeWarningLimit.[39m
[32m✓ built in 5.64s[39m

PWA v0.20.5
mode      generateSW
precache  6 entries (897.70 KiB)
files generated
  dist/sw.js
  dist/workbox-7a79b53c.js
